#! /usr/bin/vvp
:ivl_version "11.0 (stable)";
:ivl_delay_selection "TYPICAL";
:vpi_time_precision - 12;
:vpi_module "/usr/lib/x86_64-linux-gnu/ivl/system.vpi";
:vpi_module "/usr/lib/x86_64-linux-gnu/ivl/vhdl_sys.vpi";
:vpi_module "/usr/lib/x86_64-linux-gnu/ivl/vhdl_textio.vpi";
:vpi_module "/usr/lib/x86_64-linux-gnu/ivl/v2005_math.vpi";
:vpi_module "/usr/lib/x86_64-linux-gnu/ivl/va_math.vpi";
S_0x5fe6d45cad90 .scope module, "alu_top" "alu_top" 2 3;
 .timescale -9 -12;
    .port_info 0 /INPUT 8 "A";
    .port_info 1 /INPUT 8 "B";
    .port_info 2 /INPUT 3 "opcode";
    .port_info 3 /OUTPUT 8 "result";
    .port_info 4 /OUTPUT 1 "carry";
    .port_info 5 /OUTPUT 1 "zero";
    .port_info 6 /OUTPUT 1 "overflow";
o0x771b4ea98018 .functor BUFZ 8, C4<zzzzzzzz>; HiZ drive
v0x5fe6d45cc7b0_0 .net "A", 7 0, o0x771b4ea98018;  0 drivers
o0x771b4ea98048 .functor BUFZ 8, C4<zzzzzzzz>; HiZ drive
v0x5fe6d45ccba0_0 .net "B", 7 0, o0x771b4ea98048;  0 drivers
v0x5fe6d46186c0_0 .var "carry", 0 0;
o0x771b4ea980a8 .functor BUFZ 3, C4<zzz>; HiZ drive
v0x5fe6d4618760_0 .net "opcode", 2 0, o0x771b4ea980a8;  0 drivers
v0x5fe6d4618840_0 .var "overflow", 0 0;
v0x5fe6d4618950_0 .var "result", 7 0;
v0x5fe6d4618a30_0 .var "temp", 8 0;
v0x5fe6d4618b10_0 .var "zero", 0 0;
E_0x5fe6d46047c0/0 .event edge, v0x5fe6d4618760_0, v0x5fe6d45cc7b0_0, v0x5fe6d45ccba0_0, v0x5fe6d4618a30_0;
E_0x5fe6d46047c0/1 .event edge, v0x5fe6d4618950_0;
E_0x5fe6d46047c0 .event/or E_0x5fe6d46047c0/0, E_0x5fe6d46047c0/1;
    .scope S_0x5fe6d45cad90;
T_0 ;
    %wait E_0x5fe6d46047c0;
    %pushi/vec4 0, 0, 1;
    %store/vec4 v0x5fe6d46186c0_0, 0, 1;
    %pushi/vec4 0, 0, 1;
    %store/vec4 v0x5fe6d4618840_0, 0, 1;
    %load/vec4 v0x5fe6d4618760_0;
    %dup/vec4;
    %pushi/vec4 0, 0, 3;
    %cmp/u;
    %jmp/1 T_0.0, 6;
    %dup/vec4;
    %pushi/vec4 1, 0, 3;
    %cmp/u;
    %jmp/1 T_0.1, 6;
    %dup/vec4;
    %pushi/vec4 2, 0, 3;
    %cmp/u;
    %jmp/1 T_0.2, 6;
    %dup/vec4;
    %pushi/vec4 3, 0, 3;
    %cmp/u;
    %jmp/1 T_0.3, 6;
    %dup/vec4;
    %pushi/vec4 4, 0, 3;
    %cmp/u;
    %jmp/1 T_0.4, 6;
    %dup/vec4;
    %pushi/vec4 5, 0, 3;
    %cmp/u;
    %jmp/1 T_0.5, 6;
    %dup/vec4;
    %pushi/vec4 6, 0, 3;
    %cmp/u;
    %jmp/1 T_0.6, 6;
    %dup/vec4;
    %pushi/vec4 7, 0, 3;
    %cmp/u;
    %jmp/1 T_0.7, 6;
    %jmp T_0.8;
T_0.0 ;
    %load/vec4 v0x5fe6d45cc7b0_0;
    %pad/u 9;
    %load/vec4 v0x5fe6d45ccba0_0;
    %pad/u 9;
    %add;
    %store/vec4 v0x5fe6d4618a30_0, 0, 9;
    %load/vec4 v0x5fe6d4618a30_0;
    %parti/s 8, 0, 2;
    %store/vec4 v0x5fe6d4618950_0, 0, 8;
    %load/vec4 v0x5fe6d4618a30_0;
    %parti/s 1, 8, 5;
    %store/vec4 v0x5fe6d46186c0_0, 0, 1;
    %jmp T_0.8;
T_0.1 ;
    %load/vec4 v0x5fe6d45cc7b0_0;
    %pad/u 9;
    %load/vec4 v0x5fe6d45ccba0_0;
    %pad/u 9;
    %sub;
    %store/vec4 v0x5fe6d4618a30_0, 0, 9;
    %load/vec4 v0x5fe6d4618a30_0;
    %parti/s 8, 0, 2;
    %store/vec4 v0x5fe6d4618950_0, 0, 8;
    %load/vec4 v0x5fe6d4618a30_0;
    %parti/s 1, 8, 5;
    %store/vec4 v0x5fe6d46186c0_0, 0, 1;
    %jmp T_0.8;
T_0.2 ;
    %load/vec4 v0x5fe6d45cc7b0_0;
    %load/vec4 v0x5fe6d45ccba0_0;
    %and;
    %store/vec4 v0x5fe6d4618950_0, 0, 8;
    %jmp T_0.8;
T_0.3 ;
    %load/vec4 v0x5fe6d45cc7b0_0;
    %load/vec4 v0x5fe6d45ccba0_0;
    %or;
    %store/vec4 v0x5fe6d4618950_0, 0, 8;
    %jmp T_0.8;
T_0.4 ;
    %load/vec4 v0x5fe6d45cc7b0_0;
    %load/vec4 v0x5fe6d45ccba0_0;
    %xor;
    %store/vec4 v0x5fe6d4618950_0, 0, 8;
    %jmp T_0.8;
T_0.5 ;
    %load/vec4 v0x5fe6d45cc7b0_0;
    %inv;
    %store/vec4 v0x5fe6d4618950_0, 0, 8;
    %jmp T_0.8;
T_0.6 ;
    %load/vec4 v0x5fe6d45cc7b0_0;
    %ix/load 4, 1, 0;
    %flag_set/imm 4, 0;
    %shiftl 4;
    %store/vec4 v0x5fe6d4618950_0, 0, 8;
    %jmp T_0.8;
T_0.7 ;
    %load/vec4 v0x5fe6d45cc7b0_0;
    %ix/load 4, 1, 0;
    %flag_set/imm 4, 0;
    %shiftr 4;
    %store/vec4 v0x5fe6d4618950_0, 0, 8;
    %jmp T_0.8;
T_0.8 ;
    %pop/vec4 1;
    %load/vec4 v0x5fe6d4618950_0;
    %cmpi/e 0, 0, 8;
    %jmp/0xz  T_0.9, 4;
    %pushi/vec4 1, 0, 1;
    %store/vec4 v0x5fe6d4618b10_0, 0, 1;
    %jmp T_0.10;
T_0.9 ;
    %pushi/vec4 0, 0, 1;
    %store/vec4 v0x5fe6d4618b10_0, 0, 1;
T_0.10 ;
    %jmp T_0;
    .thread T_0, $push;
# The file index is used to find the file name in the following table.
:file_names 3;
    "N/A";
    "<interactive>";
    "alu_top.v";
