#! /usr/bin/vvp
:ivl_version "11.0 (stable)";
:ivl_delay_selection "TYPICAL";
:vpi_time_precision - 12;
:vpi_module "/usr/lib/x86_64-linux-gnu/ivl/system.vpi";
:vpi_module "/usr/lib/x86_64-linux-gnu/ivl/vhdl_sys.vpi";
:vpi_module "/usr/lib/x86_64-linux-gnu/ivl/vhdl_textio.vpi";
:vpi_module "/usr/lib/x86_64-linux-gnu/ivl/v2005_math.vpi";
:vpi_module "/usr/lib/x86_64-linux-gnu/ivl/va_math.vpi";
S_0x5e3093566cf0 .scope module, "alu_top" "alu_top" 2 3;
 .timescale -9 -12;
    .port_info 0 /INPUT 8 "input_a";
    .port_info 1 /INPUT 8 "input_b";
    .port_info 2 /INPUT 3 "opcode";
    .port_info 3 /OUTPUT 8 "result";
    .port_info 4 /OUTPUT 1 "carry_flag";
    .port_info 5 /OUTPUT 1 "overflow_flag";
    .port_info 6 /OUTPUT 1 "zero_flag";
    .port_info 7 /OUTPUT 1 "negative_flag";
P_0x5e30935adca0 .param/l "WIDTH" 0 2 4, +C4<00000000000000000000000000001000>;
L_0x5e30935d01f0 .functor OR 1, L_0x5e30935d0030, L_0x5e30935d0100, C4<0>, C4<0>;
L_0x5e30935d0750 .functor OR 1, L_0x5e30935d0520, L_0x5e30935d0610, C4<0>, C4<0>;
L_0x7368afb530a8 .functor BUFT 1, C4<001>, C4<0>, C4<0>, C4<0>;
v0x5e30935ce510_0 .net/2u *"_ivl_10", 2 0, L_0x7368afb530a8;  1 drivers
v0x5e30935ce5f0_0 .net *"_ivl_12", 0 0, L_0x5e30935d0100;  1 drivers
v0x5e30935ce6b0_0 .net *"_ivl_15", 0 0, L_0x5e30935d01f0;  1 drivers
L_0x7368afb530f0 .functor BUFT 1, C4<0>, C4<0>, C4<0>, C4<0>;
v0x5e30935ce780_0 .net/2u *"_ivl_16", 0 0, L_0x7368afb530f0;  1 drivers
L_0x7368afb53138 .functor BUFT 1, C4<000>, C4<0>, C4<0>, C4<0>;
v0x5e30935ce860_0 .net/2u *"_ivl_20", 2 0, L_0x7368afb53138;  1 drivers
v0x5e30935ce990_0 .net *"_ivl_22", 0 0, L_0x5e30935d0520;  1 drivers
L_0x7368afb53180 .functor BUFT 1, C4<001>, C4<0>, C4<0>, C4<0>;
v0x5e30935cea50_0 .net/2u *"_ivl_24", 2 0, L_0x7368afb53180;  1 drivers
v0x5e30935ceb30_0 .net *"_ivl_26", 0 0, L_0x5e30935d0610;  1 drivers
v0x5e30935cebf0_0 .net *"_ivl_29", 0 0, L_0x5e30935d0750;  1 drivers
L_0x7368afb531c8 .functor BUFT 1, C4<0>, C4<0>, C4<0>, C4<0>;
v0x5e30935cecb0_0 .net/2u *"_ivl_30", 0 0, L_0x7368afb531c8;  1 drivers
L_0x7368afb53060 .functor BUFT 1, C4<000>, C4<0>, C4<0>, C4<0>;
v0x5e30935ced90_0 .net/2u *"_ivl_6", 2 0, L_0x7368afb53060;  1 drivers
v0x5e30935cee70_0 .net *"_ivl_8", 0 0, L_0x5e30935d0030;  1 drivers
v0x5e30935cef30_0 .net "arithmetic_carry", 0 0, v0x5e30935aa430_0;  1 drivers
v0x5e30935cefd0_0 .net "arithmetic_overflow", 0 0, v0x5e30935ccda0_0;  1 drivers
v0x5e30935cf0a0_0 .net "arithmetic_result", 7 0, v0x5e30935cceb0_0;  1 drivers
v0x5e30935cf170_0 .net "carry_flag", 0 0, L_0x5e30935d0300;  1 drivers
o0x7368afb9c048 .functor BUFZ 8, C4<zzzzzzzz>; HiZ drive
v0x5e30935cf210_0 .net "input_a", 7 0, o0x7368afb9c048;  0 drivers
o0x7368afb9c078 .functor BUFZ 8, C4<zzzzzzzz>; HiZ drive
v0x5e30935cf3c0_0 .net "input_b", 7 0, o0x7368afb9c078;  0 drivers
v0x5e30935cf480_0 .net "logic_result", 7 0, v0x5e30935cdd20_0;  1 drivers
v0x5e30935cf540_0 .net "negative_flag", 0 0, L_0x5e30935cff40;  1 drivers
o0x7368afb9c858 .functor BUFZ 3, C4<zzz>; HiZ drive
v0x5e30935cf610_0 .net "opcode", 2 0, o0x7368afb9c858;  0 drivers
v0x5e30935cf6b0_0 .net "overflow_flag", 0 0, L_0x5e30935d0860;  1 drivers
v0x5e30935cf770_0 .var "result", 7 0;
v0x5e30935cf860_0 .net "shift_result", 7 0, v0x5e30935ce310_0;  1 drivers
v0x5e30935cf930_0 .net "zero_flag", 0 0, L_0x5e30935cfdb0;  1 drivers
E_0x5e30935ad300 .event edge, v0x5e30935cf610_0, v0x5e30935cceb0_0, v0x5e30935cdd20_0, v0x5e30935ce310_0;
L_0x5e30935cfb10 .part o0x7368afb9c858, 0, 1;
L_0x5e30935cfc10 .part o0x7368afb9c858, 0, 2;
L_0x5e30935cfce0 .part o0x7368afb9c858, 0, 1;
L_0x5e30935d0030 .cmp/eq 3, o0x7368afb9c858, L_0x7368afb53060;
L_0x5e30935d0100 .cmp/eq 3, o0x7368afb9c858, L_0x7368afb530a8;
L_0x5e30935d0300 .functor MUXZ 1, L_0x7368afb530f0, v0x5e30935aa430_0, L_0x5e30935d01f0, C4<>;
L_0x5e30935d0520 .cmp/eq 3, o0x7368afb9c858, L_0x7368afb53138;
L_0x5e30935d0610 .cmp/eq 3, o0x7368afb9c858, L_0x7368afb53180;
L_0x5e30935d0860 .functor MUXZ 1, L_0x7368afb531c8, v0x5e30935ccda0_0, L_0x5e30935d0750, C4<>;
S_0x5e30935aa110 .scope module, "arithmetic_inst" "arithmetic_unit" 2 42, 3 3 0, S_0x5e3093566cf0;
 .timescale -9 -12;
    .port_info 0 /INPUT 8 "input_a";
    .port_info 1 /INPUT 8 "input_b";
    .port_info 2 /INPUT 1 "operation";
    .port_info 3 /OUTPUT 8 "result";
    .port_info 4 /OUTPUT 1 "carry_flag";
    .port_info 5 /OUTPUT 1 "overflow_flag";
P_0x5e30935aa2f0 .param/l "WIDTH" 0 3 4, +C4<00000000000000000000000000001000>;
v0x5e30935aa430_0 .var "carry_flag", 0 0;
v0x5e30935ccb40_0 .net "input_a", 7 0, o0x7368afb9c048;  alias, 0 drivers
v0x5e30935ccc20_0 .net "input_b", 7 0, o0x7368afb9c078;  alias, 0 drivers
v0x5e30935ccce0_0 .net "operation", 0 0, L_0x5e30935cfb10;  1 drivers
v0x5e30935ccda0_0 .var "overflow_flag", 0 0;
v0x5e30935cceb0_0 .var "result", 7 0;
v0x5e30935ccf90_0 .var "temp", 8 0;
E_0x5e30935ada10/0 .event edge, v0x5e30935ccce0_0, v0x5e30935ccb40_0, v0x5e30935ccc20_0, v0x5e30935ccf90_0;
E_0x5e30935ada10/1 .event edge, v0x5e30935cceb0_0;
E_0x5e30935ada10 .event/or E_0x5e30935ada10/0, E_0x5e30935ada10/1;
S_0x5e30935cd130 .scope module, "flag_inst" "flag_generator" 2 128, 4 3 0, S_0x5e3093566cf0;
 .timescale -9 -12;
    .port_info 0 /INPUT 8 "result";
    .port_info 1 /OUTPUT 1 "zero_flag";
    .port_info 2 /OUTPUT 1 "negative_flag";
P_0x5e30935cd330 .param/l "WIDTH" 0 4 4, +C4<00000000000000000000000000001000>;
L_0x7368afb53018 .functor BUFT 1, C4<00000000>, C4<0>, C4<0>, C4<0>;
v0x5e30935cd420_0 .net/2u *"_ivl_0", 7 0, L_0x7368afb53018;  1 drivers
v0x5e30935cd520_0 .net "negative_flag", 0 0, L_0x5e30935cff40;  alias, 1 drivers
v0x5e30935cd5e0_0 .net "result", 7 0, v0x5e30935cf770_0;  1 drivers
v0x5e30935cd6a0_0 .net "zero_flag", 0 0, L_0x5e30935cfdb0;  alias, 1 drivers
L_0x5e30935cfdb0 .cmp/eq 8, v0x5e30935cf770_0, L_0x7368afb53018;
L_0x5e30935cff40 .part v0x5e30935cf770_0, 7, 1;
S_0x5e30935cd7e0 .scope module, "logic_inst" "logic_unit" 2 65, 5 3 0, S_0x5e3093566cf0;
 .timescale -9 -12;
    .port_info 0 /INPUT 8 "input_a";
    .port_info 1 /INPUT 8 "input_b";
    .port_info 2 /INPUT 2 "logic_select";
    .port_info 3 /OUTPUT 8 "result";
P_0x5e30935cd9c0 .param/l "WIDTH" 0 5 4, +C4<00000000000000000000000000001000>;
v0x5e30935cdaf0_0 .net "input_a", 7 0, o0x7368afb9c048;  alias, 0 drivers
v0x5e30935cdbb0_0 .net "input_b", 7 0, o0x7368afb9c078;  alias, 0 drivers
v0x5e30935cdc50_0 .net "logic_select", 1 0, L_0x5e30935cfc10;  1 drivers
v0x5e30935cdd20_0 .var "result", 7 0;
E_0x5e30935ae8f0 .event edge, v0x5e30935cdc50_0, v0x5e30935ccb40_0, v0x5e30935ccc20_0;
S_0x5e30935cdeb0 .scope module, "shift_inst" "shift_unit" 2 84, 6 3 0, S_0x5e3093566cf0;
 .timescale -9 -12;
    .port_info 0 /INPUT 8 "input_a";
    .port_info 1 /INPUT 1 "shift_select";
    .port_info 2 /OUTPUT 8 "result";
P_0x5e30935ce090 .param/l "WIDTH" 0 6 4, +C4<00000000000000000000000000001000>;
v0x5e30935ce1e0_0 .net "input_a", 7 0, o0x7368afb9c048;  alias, 0 drivers
v0x5e30935ce310_0 .var "result", 7 0;
v0x5e30935ce3f0_0 .net "shift_select", 0 0, L_0x5e30935cfce0;  1 drivers
E_0x5e309359a1f0 .event edge, v0x5e30935ce3f0_0, v0x5e30935ccb40_0;
    .scope S_0x5e30935aa110;
T_0 ;
    %wait E_0x5e30935ada10;
    %load/vec4 v0x5e30935ccce0_0;
    %cmpi/e 0, 0, 1;
    %jmp/0xz  T_0.0, 4;
    %load/vec4 v0x5e30935ccb40_0;
    %pad/u 9;
    %load/vec4 v0x5e30935ccc20_0;
    %pad/u 9;
    %add;
    %store/vec4 v0x5e30935ccf90_0, 0, 9;
    %load/vec4 v0x5e30935ccf90_0;
    %parti/s 8, 0, 2;
    %store/vec4 v0x5e30935cceb0_0, 0, 8;
    %load/vec4 v0x5e30935ccf90_0;
    %parti/s 1, 8, 5;
    %store/vec4 v0x5e30935aa430_0, 0, 1;
    %load/vec4 v0x5e30935ccb40_0;
    %parti/s 1, 7, 4;
    %inv;
    %load/vec4 v0x5e30935ccc20_0;
    %parti/s 1, 7, 4;
    %inv;
    %and;
    %load/vec4 v0x5e30935cceb0_0;
    %parti/s 1, 7, 4;
    %and;
    %load/vec4 v0x5e30935ccb40_0;
    %parti/s 1, 7, 4;
    %load/vec4 v0x5e30935ccc20_0;
    %parti/s 1, 7, 4;
    %and;
    %load/vec4 v0x5e30935cceb0_0;
    %parti/s 1, 7, 4;
    %inv;
    %and;
    %or;
    %store/vec4 v0x5e30935ccda0_0, 0, 1;
    %jmp T_0.1;
T_0.0 ;
    %load/vec4 v0x5e30935ccb40_0;
    %pad/u 9;
    %load/vec4 v0x5e30935ccc20_0;
    %pad/u 9;
    %sub;
    %store/vec4 v0x5e30935ccf90_0, 0, 9;
    %load/vec4 v0x5e30935ccf90_0;
    %parti/s 8, 0, 2;
    %store/vec4 v0x5e30935cceb0_0, 0, 8;
    %load/vec4 v0x5e30935ccf90_0;
    %parti/s 1, 8, 5;
    %store/vec4 v0x5e30935aa430_0, 0, 1;
    %load/vec4 v0x5e30935ccb40_0;
    %parti/s 1, 7, 4;
    %inv;
    %load/vec4 v0x5e30935ccc20_0;
    %parti/s 1, 7, 4;
    %and;
    %load/vec4 v0x5e30935cceb0_0;
    %parti/s 1, 7, 4;
    %and;
    %load/vec4 v0x5e30935ccb40_0;
    %parti/s 1, 7, 4;
    %load/vec4 v0x5e30935ccc20_0;
    %parti/s 1, 7, 4;
    %inv;
    %and;
    %load/vec4 v0x5e30935cceb0_0;
    %parti/s 1, 7, 4;
    %inv;
    %and;
    %or;
    %store/vec4 v0x5e30935ccda0_0, 0, 1;
T_0.1 ;
    %jmp T_0;
    .thread T_0, $push;
    .scope S_0x5e30935cd7e0;
T_1 ;
    %wait E_0x5e30935ae8f0;
    %load/vec4 v0x5e30935cdc50_0;
    %dup/vec4;
    %pushi/vec4 0, 0, 2;
    %cmp/u;
    %jmp/1 T_1.0, 6;
    %dup/vec4;
    %pushi/vec4 1, 0, 2;
    %cmp/u;
    %jmp/1 T_1.1, 6;
    %dup/vec4;
    %pushi/vec4 2, 0, 2;
    %cmp/u;
    %jmp/1 T_1.2, 6;
    %dup/vec4;
    %pushi/vec4 3, 0, 2;
    %cmp/u;
    %jmp/1 T_1.3, 6;
    %pushi/vec4 0, 0, 8;
    %store/vec4 v0x5e30935cdd20_0, 0, 8;
    %jmp T_1.5;
T_1.0 ;
    %load/vec4 v0x5e30935cdaf0_0;
    %load/vec4 v0x5e30935cdbb0_0;
    %and;
    %store/vec4 v0x5e30935cdd20_0, 0, 8;
    %jmp T_1.5;
T_1.1 ;
    %load/vec4 v0x5e30935cdaf0_0;
    %load/vec4 v0x5e30935cdbb0_0;
    %or;
    %store/vec4 v0x5e30935cdd20_0, 0, 8;
    %jmp T_1.5;
T_1.2 ;
    %load/vec4 v0x5e30935cdaf0_0;
    %load/vec4 v0x5e30935cdbb0_0;
    %xor;
    %store/vec4 v0x5e30935cdd20_0, 0, 8;
    %jmp T_1.5;
T_1.3 ;
    %load/vec4 v0x5e30935cdaf0_0;
    %inv;
    %store/vec4 v0x5e30935cdd20_0, 0, 8;
    %jmp T_1.5;
T_1.5 ;
    %pop/vec4 1;
    %jmp T_1;
    .thread T_1, $push;
    .scope S_0x5e30935cdeb0;
T_2 ;
    %wait E_0x5e309359a1f0;
    %load/vec4 v0x5e30935ce3f0_0;
    %dup/vec4;
    %pushi/vec4 0, 0, 1;
    %cmp/u;
    %jmp/1 T_2.0, 6;
    %dup/vec4;
    %pushi/vec4 1, 0, 1;
    %cmp/u;
    %jmp/1 T_2.1, 6;
    %pushi/vec4 0, 0, 8;
    %store/vec4 v0x5e30935ce310_0, 0, 8;
    %jmp T_2.3;
T_2.0 ;
    %load/vec4 v0x5e30935ce1e0_0;
    %ix/load 4, 1, 0;
    %flag_set/imm 4, 0;
    %shiftl 4;
    %store/vec4 v0x5e30935ce310_0, 0, 8;
    %jmp T_2.3;
T_2.1 ;
    %load/vec4 v0x5e30935ce1e0_0;
    %ix/load 4, 1, 0;
    %flag_set/imm 4, 0;
    %shiftr 4;
    %store/vec4 v0x5e30935ce310_0, 0, 8;
    %jmp T_2.3;
T_2.3 ;
    %pop/vec4 1;
    %jmp T_2;
    .thread T_2, $push;
    .scope S_0x5e3093566cf0;
T_3 ;
    %wait E_0x5e30935ad300;
    %load/vec4 v0x5e30935cf610_0;
    %dup/vec4;
    %pushi/vec4 0, 0, 3;
    %cmp/u;
    %jmp/1 T_3.0, 6;
    %dup/vec4;
    %pushi/vec4 1, 0, 3;
    %cmp/u;
    %jmp/1 T_3.1, 6;
    %dup/vec4;
    %pushi/vec4 2, 0, 3;
    %cmp/u;
    %jmp/1 T_3.2, 6;
    %dup/vec4;
    %pushi/vec4 3, 0, 3;
    %cmp/u;
    %jmp/1 T_3.3, 6;
    %dup/vec4;
    %pushi/vec4 4, 0, 3;
    %cmp/u;
    %jmp/1 T_3.4, 6;
    %dup/vec4;
    %pushi/vec4 5, 0, 3;
    %cmp/u;
    %jmp/1 T_3.5, 6;
    %dup/vec4;
    %pushi/vec4 6, 0, 3;
    %cmp/u;
    %jmp/1 T_3.6, 6;
    %dup/vec4;
    %pushi/vec4 7, 0, 3;
    %cmp/u;
    %jmp/1 T_3.7, 6;
    %pushi/vec4 0, 0, 8;
    %store/vec4 v0x5e30935cf770_0, 0, 8;
    %jmp T_3.9;
T_3.0 ;
    %load/vec4 v0x5e30935cf0a0_0;
    %store/vec4 v0x5e30935cf770_0, 0, 8;
    %jmp T_3.9;
T_3.1 ;
    %load/vec4 v0x5e30935cf0a0_0;
    %store/vec4 v0x5e30935cf770_0, 0, 8;
    %jmp T_3.9;
T_3.2 ;
    %load/vec4 v0x5e30935cf480_0;
    %store/vec4 v0x5e30935cf770_0, 0, 8;
    %jmp T_3.9;
T_3.3 ;
    %load/vec4 v0x5e30935cf480_0;
    %store/vec4 v0x5e30935cf770_0, 0, 8;
    %jmp T_3.9;
T_3.4 ;
    %load/vec4 v0x5e30935cf480_0;
    %store/vec4 v0x5e30935cf770_0, 0, 8;
    %jmp T_3.9;
T_3.5 ;
    %load/vec4 v0x5e30935cf480_0;
    %store/vec4 v0x5e30935cf770_0, 0, 8;
    %jmp T_3.9;
T_3.6 ;
    %load/vec4 v0x5e30935cf860_0;
    %store/vec4 v0x5e30935cf770_0, 0, 8;
    %jmp T_3.9;
T_3.7 ;
    %load/vec4 v0x5e30935cf860_0;
    %store/vec4 v0x5e30935cf770_0, 0, 8;
    %jmp T_3.9;
T_3.9 ;
    %pop/vec4 1;
    %jmp T_3;
    .thread T_3, $push;
# The file index is used to find the file name in the following table.
:file_names 7;
    "N/A";
    "<interactive>";
    "rtl/top/alu_top.v";
    "rtl/modules/arithmetic_unit.v";
    "rtl/modules/flag_generator.v";
    "rtl/modules/logic_unit.v";
    "rtl/modules/shift_unit.v";
